#-----------------------------------------------------------
# Vivado v2018.1 (64-bit)
# SW Build 2188600 on Wed Apr  4 18:40:38 MDT 2018
# IP Build 2185939 on Wed Apr  4 20:55:05 MDT 2018
# Start of session at: Sat May  5 11:07:50 2018
# Process ID: 5504
# Current directory: D:/Documenti/GitHub/Snake
# Command line: vivado.exe -gui_launcher_event rodinguilauncherevent3692 D:\Documenti\GitHub\Snake\snake.xpr
# Log file: D:/Documenti/GitHub/Snake/vivado.log
# Journal file: D:/Documenti/GitHub/Snake\vivado.jou
#-----------------------------------------------------------
start_gui
open_project D:/Documenti/GitHub/Snake/snake.xpr
INFO: [Project 1-313] Project file moved from 'D:/Personali Gianlorenzo/Download/Snake' since last save.
Scanning sources...
Finished scanning sources
INFO: [IP_Flow 19-234] Refreshing IP repositories
INFO: [IP_Flow 19-1704] No user IP repositories specified
INFO: [IP_Flow 19-2313] Loaded Vivado IP repository 'C:/Xilinx/Vivado/2018.1/data/ip'.
open_project: Time (s): cpu = 00:00:16 ; elapsed = 00:00:08 . Memory (MB): peak = 874.973 ; gain = 150.465
update_compile_order -fileset sources_1
exit
INFO: [Common 17-206] Exiting Vivado at Sat May  5 11:20:34 2018...
