#-----------------------------------------------------------
# Vivado v2018.1 (64-bit)
# SW Build 2188600 on Wed Apr  4 18:40:38 MDT 2018
# IP Build 2185939 on Wed Apr  4 20:55:05 MDT 2018
# Start of session at: Sun Apr 29 17:45:08 2018
# Process ID: 11252
# Current directory: D:/Personali Gianlorenzo/Download/snake
# Command line: vivado.exe -gui_launcher_event rodinguilauncherevent13000 D:\Personali Gianlorenzo\Download\snake\snake.xpr
# Log file: D:/Personali Gianlorenzo/Download/snake/vivado.log
# Journal file: D:/Personali Gianlorenzo/Download/snake\vivado.jou
#-----------------------------------------------------------
start_gui
open_project {D:/Personali Gianlorenzo/Download/snake/snake.xpr}
INFO: [Project 1-313] Project file moved from 'C:/Users/simon/Desktop/elettro/snake' since last save.
Scanning sources...
Finished scanning sources
INFO: [IP_Flow 19-234] Refreshing IP repositories
INFO: [IP_Flow 19-1704] No user IP repositories specified
INFO: [IP_Flow 19-2313] Loaded Vivado IP repository 'P:/Programmi/Xilinx/Vivado/2018.1/data/ip'.
update_compile_order -fileset sources_1
exit
INFO: [Common 17-206] Exiting Vivado at Sun Apr 29 17:58:15 2018...
