Copyright 1986-2018 Xilinx, Inc. All Rights Reserved.
----------------------------------------------------------------------------------------------------------------------------------------------------------------
| Tool Version     : Vivado v.2018.1 (win64) Build 2188600 Wed Apr  4 18:40:38 MDT 2018
| Date             : Tue May 22 23:20:12 2018
| Host             : PCSTUDIO running 64-bit major release  (build 9200)
| Command          : report_power -file logicagenerale_power_routed.rpt -pb logicagenerale_power_summary_routed.pb -rpx logicagenerale_power_routed.rpx
| Design           : logicagenerale
| Device           : xc7a100tcsg324-1
| Design State     : routed
| Grade            : commercial
| Process          : typical
| Characterization : Production
----------------------------------------------------------------------------------------------------------------------------------------------------------------

Power Report

Table of Contents
-----------------
1. Summary
1.1 On-Chip Components
1.2 Power Supply Summary
1.3 Confidence Level
2. Settings
2.1 Environment
2.2 Clock Constraints
3. Detailed Reports
3.1 By Hierarchy

1. Summary
----------

+--------------------------+--------------+
| Total On-Chip Power (W)  | 0.234        |
| Design Power Budget (W)  | Unspecified* |
| Power Budget Margin (W)  | NA           |
| Dynamic (W)              | 0.137        |
| Device Static (W)        | 0.098        |
| Effective TJA (C/W)      | 4.6          |
| Max Ambient (C)          | 83.9         |
| Junction Temperature (C) | 26.1         |
| Confidence Level         | Low          |
| Setting File             | ---          |
| Simulation Activity File | ---          |
| Design Nets Matched      | NA           |
+--------------------------+--------------+
* Specify Design Power Budget using, set_operating_conditions -design_power_budget <value in Watts>


1.1 On-Chip Components
----------------------

+----------------+-----------+----------+-----------+-----------------+
| On-Chip        | Power (W) | Used     | Available | Utilization (%) |
+----------------+-----------+----------+-----------+-----------------+
| Clocks         |     0.003 |        5 |       --- |             --- |
| Slice Logic    |    <0.001 |     1095 |       --- |             --- |
|   LUT as Logic |    <0.001 |      509 |     63400 |            0.80 |
|   Register     |    <0.001 |      418 |    126800 |            0.33 |
|   CARRY4       |    <0.001 |       52 |     15850 |            0.33 |
|   F7/F8 Muxes  |    <0.001 |       51 |     63400 |            0.08 |
|   Others       |     0.000 |       27 |       --- |             --- |
| Signals        |    <0.001 |      679 |       --- |             --- |
| Block RAM      |     0.004 |        2 |       135 |            1.48 |
| MMCM           |     0.116 |        1 |         6 |           16.67 |
| I/O            |     0.013 |       39 |       210 |           18.57 |
| Static Power   |     0.098 |          |           |                 |
| Total          |     0.234 |          |           |                 |
+----------------+-----------+----------+-----------+-----------------+


1.2 Power Supply Summary
------------------------

+-----------+-------------+-----------+-------------+------------+
| Source    | Voltage (V) | Total (A) | Dynamic (A) | Static (A) |
+-----------+-------------+-----------+-------------+------------+
| Vccint    |       1.000 |     0.024 |       0.008 |      0.015 |
| Vccaux    |       1.800 |     0.083 |       0.065 |      0.018 |
| Vcco33    |       3.300 |     0.008 |       0.004 |      0.004 |
| Vcco25    |       2.500 |     0.000 |       0.000 |      0.000 |
| Vcco18    |       1.800 |     0.000 |       0.000 |      0.000 |
| Vcco15    |       1.500 |     0.000 |       0.000 |      0.000 |
| Vcco135   |       1.350 |     0.000 |       0.000 |      0.000 |
| Vcco12    |       1.200 |     0.000 |       0.000 |      0.000 |
| Vccaux_io |       1.800 |     0.000 |       0.000 |      0.000 |
| Vccbram   |       1.000 |     0.001 |       0.000 |      0.000 |
| MGTAVcc   |       1.000 |     0.000 |       0.000 |      0.000 |
| MGTAVtt   |       1.200 |     0.000 |       0.000 |      0.000 |
| Vccadc    |       1.800 |     0.020 |       0.000 |      0.020 |
+-----------+-------------+-----------+-------------+------------+


1.3 Confidence Level
--------------------

+-----------------------------+------------+--------------------------------------------------------+--------------------------------------------------------------------------------------------------------------------+
| User Input Data             | Confidence | Details                                                | Action                                                                                                             |
+-----------------------------+------------+--------------------------------------------------------+--------------------------------------------------------------------------------------------------------------------+
| Design implementation state | High       | Design is routed                                       |                                                                                                                    |
| Clock nodes activity        | Medium     | More than 5% of clocks are missing user specification  | Provide missing clock activity with a constraint file, simulation results or by editing the "By Clock Domain" view |
| I/O nodes activity          | Low        | More than 75% of inputs are missing user specification | Provide missing input activity with simulation results or by editing the "By Resource Type -> I/Os" view           |
| Internal nodes activity     | Medium     | User specified less than 25% of internal nodes         | Provide missing internal nodes activity with simulation results or by editing the "By Resource Type" views         |
| Device models               | High       | Device models are Production                           |                                                                                                                    |
|                             |            |                                                        |                                                                                                                    |
| Overall confidence level    | Low        |                                                        |                                                                                                                    |
+-----------------------------+------------+--------------------------------------------------------+--------------------------------------------------------------------------------------------------------------------+


2. Settings
-----------

2.1 Environment
---------------

+-----------------------+--------------------------+
| Ambient Temp (C)      | 25.0                     |
| ThetaJA (C/W)         | 4.6                      |
| Airflow (LFM)         | 250                      |
| Heat Sink             | medium (Medium Profile)  |
| ThetaSA (C/W)         | 4.6                      |
| Board Selection       | medium (10"x10")         |
| # of Board Layers     | 12to15 (12 to 15 Layers) |
| Board Temperature (C) | 25.0                     |
+-----------------------+--------------------------+


2.2 Clock Constraints
---------------------

+---------------------------+--------------------------------------+-----------------+
| Clock                     | Domain                               | Constraint (ns) |
+---------------------------+--------------------------------------+-----------------+
| VGA/vgaclock/inst/clk_in1 | ck_IBUF_BUFG                         |            10.0 |
| clk_out1_clk_wiz_0        | VGA/vgaclock/inst/clk_out1_clk_wiz_0 |            40.0 |
| clkfbout_clk_wiz_0        | VGA/vgaclock/inst/clkfbout_clk_wiz_0 |            10.0 |
+---------------------------+--------------------------------------+-----------------+


3. Detailed Reports
-------------------

3.1 By Hierarchy
----------------

+------------------------------------------------+-----------+
| Name                                           | Power (W) |
+------------------------------------------------+-----------+
| logicagenerale                                 |     0.137 |
|   MOVIMENTO                                    |     0.003 |
|     dxbut                                      |    <0.001 |
|     sxbut                                      |    <0.001 |
|   PRESCALER                                    |    <0.001 |
|   SEG                                          |    <0.001 |
|   VGA                                          |     0.121 |
|     ram                                        |     0.002 |
|       U0                                       |     0.002 |
|         inst_blk_mem_gen                       |     0.002 |
|           gnbram.gnativebmg.native_blk_mem_gen |     0.002 |
|             valid.cstr                         |     0.002 |
|               ramloop[0].ram.r                 |     0.002 |
|                 prim_init.ram                  |     0.002 |
|     rom                                        |     0.002 |
|       U0                                       |     0.002 |
|         inst_blk_mem_gen                       |     0.002 |
|           gnbram.gnativebmg.native_blk_mem_gen |     0.002 |
|             valid.cstr                         |     0.002 |
|               ramloop[0].ram.r                 |     0.002 |
|                 prim_init.ram                  |     0.002 |
|     vgaclock                                   |     0.117 |
|       inst                                     |     0.117 |
|     vgacmd                                     |    <0.001 |
+------------------------------------------------+-----------+


